Determining if the pthread_create exist failed with the following output:
Change Dir: /home/raunaks/catkin_ws/build/CMakeFiles/CMakeTmp

Run Build Command:"/usr/bin/make" "cmTC_6c94b/fast"
/usr/bin/make -f CMakeFiles/cmTC_6c94b.dir/build.make CMakeFiles/cmTC_6c94b.dir/build
make[1]: Entering directory '/home/raunaks/catkin_ws/build/CMakeFiles/CMakeTmp'
/usr/bin/cmake: /usr/local/lib/libcurl.so.4: no version information available (required by /usr/bin/cmake)
Building C object CMakeFiles/cmTC_6c94b.dir/CheckSymbolExists.c.o
/usr/bin/cc     -o CMakeFiles/cmTC_6c94b.dir/CheckSymbolExists.c.o   -c /home/raunaks/catkin_ws/build/CMakeFiles/CMakeTmp/CheckSymbolExists.c
/usr/bin/cmake: /usr/local/lib/libcurl.so.4: no version information available (required by /usr/bin/cmake)
Linking C executable cmTC_6c94b
/usr/bin/cmake -E cmake_link_script CMakeFiles/cmTC_6c94b.dir/link.txt --verbose=1
/usr/bin/cmake: /usr/local/lib/libcurl.so.4: no version information available (required by /usr/bin/cmake)
/usr/bin/cc       CMakeFiles/cmTC_6c94b.dir/CheckSymbolExists.c.o  -o cmTC_6c94b -rdynamic 
CMakeFiles/cmTC_6c94b.dir/CheckSymbolExists.c.o: In function `main':
CheckSymbolExists.c:(.text+0x16): undefined reference to `pthread_create'
collect2: error: ld returned 1 exit status
CMakeFiles/cmTC_6c94b.dir/build.make:97: recipe for target 'cmTC_6c94b' failed
make[1]: *** [cmTC_6c94b] Error 1
make[1]: Leaving directory '/home/raunaks/catkin_ws/build/CMakeFiles/CMakeTmp'
Makefile:126: recipe for target 'cmTC_6c94b/fast' failed
make: *** [cmTC_6c94b/fast] Error 2

File /home/raunaks/catkin_ws/build/CMakeFiles/CMakeTmp/CheckSymbolExists.c:
/* */
#include <pthread.h>

int main(int argc, char** argv)
{
  (void)argv;
#ifndef pthread_create
  return ((int*)(&pthread_create))[argc];
#else
  (void)argc;
  return 0;
#endif
}

Determining if the function pthread_create exists in the pthreads failed with the following output:
Change Dir: /home/raunaks/catkin_ws/build/CMakeFiles/CMakeTmp

Run Build Command:"/usr/bin/make" "cmTC_4a725/fast"
/usr/bin/make -f CMakeFiles/cmTC_4a725.dir/build.make CMakeFiles/cmTC_4a725.dir/build
make[1]: Entering directory '/home/raunaks/catkin_ws/build/CMakeFiles/CMakeTmp'
/usr/bin/cmake: /usr/local/lib/libcurl.so.4: no version information available (required by /usr/bin/cmake)
Building C object CMakeFiles/cmTC_4a725.dir/CheckFunctionExists.c.o
/usr/bin/cc    -DCHECK_FUNCTION_EXISTS=pthread_create   -o CMakeFiles/cmTC_4a725.dir/CheckFunctionExists.c.o   -c /usr/share/cmake-3.5/Modules/CheckFunctionExists.c
/usr/bin/cmake: /usr/local/lib/libcurl.so.4: no version information available (required by /usr/bin/cmake)
Linking C executable cmTC_4a725
/usr/bin/cmake -E cmake_link_script CMakeFiles/cmTC_4a725.dir/link.txt --verbose=1
/usr/bin/cmake: /usr/local/lib/libcurl.so.4: no version information available (required by /usr/bin/cmake)
/usr/bin/cc   -DCHECK_FUNCTION_EXISTS=pthread_create    CMakeFiles/cmTC_4a725.dir/CheckFunctionExists.c.o  -o cmTC_4a725 -rdynamic -lpthreads 
/usr/bin/ld: cannot find -lpthreads
collect2: error: ld returned 1 exit status
CMakeFiles/cmTC_4a725.dir/build.make:97: recipe for target 'cmTC_4a725' failed
make[1]: *** [cmTC_4a725] Error 1
make[1]: Leaving directory '/home/raunaks/catkin_ws/build/CMakeFiles/CMakeTmp'
Makefile:126: recipe for target 'cmTC_4a725/fast' failed
make: *** [cmTC_4a725/fast] Error 2


